#
# There is insufficient memory for the Java Runtime Environment to continue.
# Native memory allocation (mmap) failed to map 67108864 bytes for G1 virtual space
# Possible reasons:
#   The system is out of physical RAM or swap space
#   The process is running with CompressedOops enabled, and the Java Heap may be blocking the growth of the native heap
# Possible solutions:
#   Reduce memory load on the system
#   Increase physical memory or swap space
#   Check if swap backing store is full
#   Decrease Java heap size (-Xmx/-Xms)
#   Decrease number of Java threads
#   Decrease Java thread stack sizes (-Xss)
#   Set larger code cache with -XX:ReservedCodeCacheSize=
#   JVM is running with Unscaled Compressed Oops mode in which the Java heap is
#     placed in the first 4GB address space. The Java Heap base address is the
#     maximum limit for the native heap growth. Please use -XX:HeapBaseMinAddress
#     to set the Java Heap base and to place the Java Heap above 4GB virtual address.
# This output file may be truncated or incomplete.
#
#  Out of Memory Error (os_windows.cpp:3603), pid=15564, tid=9652
#
# JRE version:  (21.0.6+8) (build )
# Java VM: Java HotSpot(TM) 64-Bit Server VM (21.0.6+8-LTS-188, mixed mode, sharing, tiered, compressed oops, compressed class ptrs, g1 gc, windows-amd64)
# No core dump will be written. Minidumps are not enabled by default on client versions of Windows
#

---------------  S U M M A R Y ------------

Command Line: -XX:+ShowCodeDetailsInExceptionMessages -Dfile.encoding=UTF-8 main.Main

Host: Intel(R) Core(TM) i3-7020U CPU @ 2.30GHz, 4 cores, 3G,  Windows 10 , 64 bit Build 19041 (10.0.19041.5794)
Time: Tue Jun 10 16:17:23 2025 Horário Padrão de Tocantins elapsed time: 0.028240 seconds (0d 0h 0m 0s)

---------------  T H R E A D  ---------------

Current thread (0x000002942bfdc8a0):  JavaThread "Unknown thread" [_thread_in_vm, id=9652, stack(0x000000a638400000,0x000000a638500000) (1024K)]

Stack: [0x000000a638400000,0x000000a638500000]
Native frames: (J=compiled Java code, j=interpreted, Vv=VM code, C=native code)
V  [jvm.dll+0x6ca6d9]
V  [jvm.dll+0x854f51]
V  [jvm.dll+0x85747e]
V  [jvm.dll+0x857b53]
V  [jvm.dll+0x27dcc6]
V  [jvm.dll+0x6c6e55]
V  [jvm.dll+0x6bb9da]
V  [jvm.dll+0x35393a]
V  [jvm.dll+0x35b596]
V  [jvm.dll+0x3adefe]
V  [jvm.dll+0x3ae1a8]
V  [jvm.dll+0x327cbc]
V  [jvm.dll+0x32881b]
V  [jvm.dll+0x81e309]
V  [jvm.dll+0x3babe1]
V  [jvm.dll+0x807658]
V  [jvm.dll+0x44fdae]
V  [jvm.dll+0x4519a1]
C  [jli.dll+0x52a3]
C  [ucrtbase.dll+0x21bb2]
C  [KERNEL32.DLL+0x17374]
C  [ntdll.dll+0x4cc91]


---------------  P R O C E S S  ---------------

Threads class SMR info:
_java_thread_list=0x00007ffbb33acc08, length=0, elements={
}

Java Threads: ( => current thread )
Total: 0

Other Threads:
  0x000002942e101e30 WorkerThread "GC Thread#0"                     [id=11480, stack(0x000000a638500000,0x000000a638600000) (1024K)]
  0x000002942e10ab50 ConcurrentGCThread "G1 Main Marker"            [id=836, stack(0x000000a638600000,0x000000a638700000) (1024K)]
  0x000002942e10c810 WorkerThread "G1 Conc#0"                       [id=9460, stack(0x000000a638700000,0x000000a638800000) (1024K)]

[error occurred during error reporting (printing all threads), id 0xc0000005, EXCEPTION_ACCESS_VIOLATION (0xc0000005) at pc=0x00007ffbb2b1a427]
VM state: not at safepoint (not fully initialized)

VM Mutex/Monitor currently owned by a thread:  ([mutex/lock_event])
[0x00007ffbb341df98] Heap_lock - owner thread: 0x000002942bfdc8a0

Heap address: 0x00000000c1600000, size: 1002 MB, Compressed Oops mode: 32-bit

CDS archive(s) mapped at: [0x0000000000000000-0x0000000000000000-0x0000000000000000), size 0, SharedBaseAddress: 0x0000000800000000, ArchiveRelocationMode: 1.
Narrow klass base: 0x0000000000000000, Narrow klass shift: 0, Narrow klass range: 0x0

GC Precious Log:
 CardTable entry size: 512
 Card Set container configuration: InlinePtr #cards 5 size 8 Array Of Cards #cards 12 size 40 Howl #buckets 4 coarsen threshold 1843 Howl Bitmap #cards 512 size 80 coarsen threshold 460 Card regions per heap region 1 cards per card region 2048

Heap:
 garbage-first heap   total 0K, used 0K [0x00000000c1600000, 0x0000000100000000)
  region size 1024K, 0 young (0K), 0 survivors (0K)

[error occurred during error reporting (printing heap information), id 0xc0000005, EXCEPTION_ACCESS_VIOLATION (0xc0000005) at pc=0x00007ffbb2f036a9]
GC Heap History (0 events):
No events

Dll operation events (1 events):
Event: 0.015 Loaded shared library C:\Program Files\Java\jdk-21\bin\java.dll

Deoptimization events (0 events):
No events

Classes loaded (0 events):
No events

Classes unloaded (0 events):
No events

Classes redefined (0 events):
No events

Internal exceptions (0 events):
No events

ZGC Phase Switch (0 events):
No events

VM Operations (0 events):
No events

Events (0 events):
No events


Dynamic libraries:
0x00007ff62b270000 - 0x00007ff62b280000 	C:\Program Files\Java\jdk-21\bin\java.exe
0x00007ffc66810000 - 0x00007ffc66a08000 	C:\WINDOWS\SYSTEM32\ntdll.dll
0x00007ffc66070000 - 0x00007ffc66132000 	C:\WINDOWS\System32\KERNEL32.DLL
0x00007ffc64540000 - 0x00007ffc64836000 	C:\WINDOWS\System32\KERNELBASE.dll
0x00007ffc64020000 - 0x00007ffc64120000 	C:\WINDOWS\System32\ucrtbase.dll
0x00007ffc586d0000 - 0x00007ffc586e9000 	C:\Program Files\Java\jdk-21\bin\jli.dll
0x00007ffc586b0000 - 0x00007ffc586cb000 	C:\Program Files\Java\jdk-21\bin\VCRUNTIME140.dll
0x00007ffc654c0000 - 0x00007ffc6556f000 	C:\WINDOWS\System32\ADVAPI32.dll
0x00007ffc65fd0000 - 0x00007ffc6606e000 	C:\WINDOWS\System32\msvcrt.dll
0x00007ffc64840000 - 0x00007ffc648df000 	C:\WINDOWS\System32\sechost.dll
0x00007ffc65570000 - 0x00007ffc65693000 	C:\WINDOWS\System32\RPCRT4.dll
0x00007ffc63ff0000 - 0x00007ffc64017000 	C:\WINDOWS\System32\bcrypt.dll
0x00007ffc64ce0000 - 0x00007ffc64e7d000 	C:\WINDOWS\System32\USER32.dll
0x00007ffc643a0000 - 0x00007ffc643c2000 	C:\WINDOWS\System32\win32u.dll
0x00007ffc64ff0000 - 0x00007ffc6501b000 	C:\WINDOWS\System32\GDI32.dll
0x00007ffc64120000 - 0x00007ffc6423a000 	C:\WINDOWS\System32\gdi32full.dll
0x00007ffc64420000 - 0x00007ffc644bd000 	C:\WINDOWS\System32\msvcp_win.dll
0x00007ffc456b0000 - 0x00007ffc4594a000 	C:\WINDOWS\WinSxS\amd64_microsoft.windows.common-controls_6595b64144ccf1df_6.0.19041.5794_none_60bcd33171f2783c\COMCTL32.dll
0x00007ffc561a0000 - 0x00007ffc561aa000 	C:\WINDOWS\SYSTEM32\VERSION.dll
0x00007ffc65020000 - 0x00007ffc6504f000 	C:\WINDOWS\System32\IMM32.DLL
0x00007ffc586a0000 - 0x00007ffc586ac000 	C:\Program Files\Java\jdk-21\bin\vcruntime140_1.dll
0x00007ffc44600000 - 0x00007ffc4468e000 	C:\Program Files\Java\jdk-21\bin\msvcp140.dll
0x00007ffbb27e0000 - 0x00007ffbb34fa000 	C:\Program Files\Java\jdk-21\bin\server\jvm.dll
0x00007ffc64f50000 - 0x00007ffc64fbb000 	C:\WINDOWS\System32\WS2_32.dll
0x00007ffc633f0000 - 0x00007ffc6343b000 	C:\WINDOWS\SYSTEM32\POWRPROF.dll
0x00007ffc3b070000 - 0x00007ffc3b097000 	C:\WINDOWS\SYSTEM32\WINMM.dll
0x00007ffc632b0000 - 0x00007ffc632c2000 	C:\WINDOWS\SYSTEM32\UMPDC.dll
0x00007ffc626a0000 - 0x00007ffc626b2000 	C:\WINDOWS\SYSTEM32\kernel.appcore.dll
0x00007ffc58690000 - 0x00007ffc5869a000 	C:\Program Files\Java\jdk-21\bin\jimage.dll
0x00007ffc623a0000 - 0x00007ffc625a1000 	C:\WINDOWS\SYSTEM32\DBGHELP.DLL
0x00007ffc49b30000 - 0x00007ffc49b64000 	C:\WINDOWS\SYSTEM32\dbgcore.DLL
0x00007ffc63f60000 - 0x00007ffc63fe2000 	C:\WINDOWS\System32\bcryptPrimitives.dll
0x00007ffc489d0000 - 0x00007ffc489ef000 	C:\Program Files\Java\jdk-21\bin\java.dll

dbghelp: loaded successfully - version: 4.0.5 - missing functions: none
symbol engine: initialized successfully - sym options: 0x614 - pdb path: .;C:\Program Files\Java\jdk-21\bin;C:\WINDOWS\SYSTEM32;C:\WINDOWS\WinSxS\amd64_microsoft.windows.common-controls_6595b64144ccf1df_6.0.19041.5794_none_60bcd33171f2783c;C:\Program Files\Java\jdk-21\bin\server

VM Arguments:
jvm_args: -XX:+ShowCodeDetailsInExceptionMessages -Dfile.encoding=UTF-8 
java_command: main.Main
java_class_path (initial): c:\Users\julia\Downloads\mysql-connector-j-9.3.0\mysql-connector-j-9.3.0\mysql-connector-j-9.3.0.jar;C:\Users\julia\AppData\Roaming\Code\User\workspaceStorage\8f98ec4465df9f427aefbb0b71a03d85\redhat.java\jdt_ws\Loja_116c194c\bin
Launcher Type: SUN_STANDARD

[Global flags]
     intx CICompilerCount                          = 3                                         {product} {ergonomic}
     uint ConcGCThreads                            = 1                                         {product} {ergonomic}
     uint G1ConcRefinementThreads                  = 4                                         {product} {ergonomic}
   size_t G1HeapRegionSize                         = 1048576                                   {product} {ergonomic}
    uintx GCDrainStackTargetSize                   = 64                                        {product} {ergonomic}
   size_t InitialHeapSize                          = 67108864                                  {product} {ergonomic}
   size_t MarkStackSize                            = 4194304                                   {product} {ergonomic}
   size_t MaxHeapSize                              = 1050673152                                {product} {ergonomic}
   size_t MinHeapDeltaBytes                        = 1048576                                   {product} {ergonomic}
   size_t MinHeapSize                              = 8388608                                   {product} {ergonomic}
    uintx NonNMethodCodeHeapSize                   = 5832780                                {pd product} {ergonomic}
    uintx NonProfiledCodeHeapSize                  = 122912730                              {pd product} {ergonomic}
    uintx ProfiledCodeHeapSize                     = 122912730                              {pd product} {ergonomic}
    uintx ReservedCodeCacheSize                    = 251658240                              {pd product} {ergonomic}
     bool SegmentedCodeCache                       = true                                      {product} {ergonomic}
     bool ShowCodeDetailsInExceptionMessages       = true                                   {manageable} {command line}
   size_t SoftMaxHeapSize                          = 1050673152                             {manageable} {ergonomic}
     bool UseCompressedOops                        = true                           {product lp64_product} {ergonomic}
     bool UseG1GC                                  = true                                      {product} {ergonomic}
     bool UseLargePagesIndividualAllocation        = false                                  {pd product} {ergonomic}

Logging:
Log output configuration:
 #0: stdout all=warning uptime,level,tags foldmultilines=false
 #1: stderr all=off uptime,level,tags foldmultilines=false

Environment Variables:
PATH=C:\Program Files\Common Files\Oracle\Java\javapath;C:\Program Files (x86)\Intel\Intel(R) Management Engine Components\iCLS\;C:\Program Files\Intel\Intel(R) Management Engine Components\iCLS\;C:\WINDOWS\system32;C:\WINDOWS;C:\WINDOWS\System32\Wbem;C:\WINDOWS\System32\WindowsPowerShell\v1.0\;C:\WINDOWS\System32\OpenSSH\;C:\Program Files (x86)\Intel\Intel(R) Management Engine Components\DAL;C:\Program Files\Intel\Intel(R) Management Engine Components\DAL;C:\Program Files (x86)\Microsoft SQL Server\160\Tools\Binn\;C:\Program Files\Microsoft SQL Server\160\Tools\Binn\;C:\Program Files\Microsoft SQL Server\Client SDK\ODBC\170\Tools\Binn\;C:\Program Files\Microsoft SQL Server\160\DTS\Binn\;%% M2_HOME%\;C:\Program Files\Git\cmd;C:\Program Files\Git\mingw64\bin;C:\Program Files\Git\usr\bin;C:\Program Files\MySQL\MySQL Shell 8.0\bin\;C:\Users\julia\AppData\Local\Microsoft\WindowsApps;C:\Users\julia\AppData\Local\JetBrains\Toolbox\scripts;C:\Users\julia\AppData\Local\Programs\Microsoft VS Code\bin;C:\Users\julia\AppData\Local\GitHubDesktop\bin
USERNAME=Ezequiel
OS=Windows_NT
PROCESSOR_IDENTIFIER=Intel64 Family 6 Model 142 Stepping 9, GenuineIntel
TMP=C:\Users\julia\AppData\Local\Temp
TEMP=C:\Users\julia\AppData\Local\Temp




Periodic native trim disabled

---------------  S Y S T E M  ---------------

OS:
 Windows 10 , 64 bit Build 19041 (10.0.19041.5794)
OS uptime: 0 days 7:03 hours
Hyper-V role detected

CPU: total 4 (initial active 4) (2 cores per cpu, 2 threads per core) family 6 model 142 stepping 9 microcode 0xb4, cx8, cmov, fxsr, ht, mmx, 3dnowpref, sse, sse2, sse3, ssse3, sse4.1, sse4.2, popcnt, lzcnt, tsc, tscinvbit, avx, avx2, aes, erms, clmul, bmi1, bmi2, adx, fma, vzeroupper, clflush, clflushopt, hv, rdtscp, f16c
Processor Information for all 4 processors :
  Max Mhz: 2304, Current Mhz: 2304, Mhz Limit: 2304

Memory: 4k page, system-wide physical 4007M (188M free)
TotalPageFile size 12007M (AvailPageFile size 65M)
current process WorkingSet (physical memory assigned to process): 10M, peak: 10M
current process commit charge ("private bytes"): 51M, peak: 115M

vm_info: Java HotSpot(TM) 64-Bit Server VM (21.0.6+8-LTS-188) for windows-amd64 JRE (21.0.6+8-LTS-188), built on 2024-12-03T10:50:54Z by "mach5one" with MS VC++ 17.6 (VS2022)

END.
